生成启动时间为 2015/12/8 16:18:09。
     1>项目“C:\Users\Administrator\Desktop\模式识别作业\模式识别作业\模式识别作业.vcxproj”在节点 2 上(Build 个目标)。
     1>ClCompile:
         D:\VS2013\VC\bin\CL.exe /c /ZI /nologo /W3 /WX- /sdl /Od /Oy- /D WIN32 /D _WINDOWS /D _DEBUG /D _UNICODE /D UNICODE /Gm /EHsc /RTC1 /MTd /GS /fp:precise /Zc:wchar_t /Zc:forScope /Yu"stdafx.h" /Fp"Debug\模式识别作业.pch" /Fo"Debug\\" /Fd"Debug\vc120.pdb" /Gd /TP /analyze- /errorReport:prompt "模式识别作业View.cpp"
         模式识别作业View.cpp
     1>c:\users\administrator\desktop\模式识别作业\模式识别作业\模式识别作业view.cpp(489): warning C4018: “<”: 有符号/无符号不匹配
     1>c:\users\administrator\desktop\模式识别作业\模式识别作业\模式识别作业view.cpp(501): warning C4018: “<”: 有符号/无符号不匹配
     1>c:\users\administrator\desktop\模式识别作业\模式识别作业\模式识别作业view.cpp(520): warning C4244: “参数”: 从“double”转换到“int”，可能丢失数据
     1>c:\users\administrator\desktop\模式识别作业\模式识别作业\模式识别作业view.cpp(521): warning C4244: “参数”: 从“double”转换到“int”，可能丢失数据
     1>c:\users\administrator\desktop\模式识别作业\模式识别作业\模式识别作业view.cpp(522): warning C4244: “参数”: 从“double”转换到“int”，可能丢失数据
     1>c:\users\administrator\desktop\模式识别作业\模式识别作业\模式识别作业view.cpp(523): warning C4244: “参数”: 从“double”转换到“int”，可能丢失数据
     1>c:\users\administrator\desktop\模式识别作业\模式识别作业\模式识别作业view.cpp(531): warning C4244: “参数”: 从“double”转换到“int”，可能丢失数据
     1>c:\users\administrator\desktop\模式识别作业\模式识别作业\模式识别作业view.cpp(532): warning C4244: “参数”: 从“double”转换到“int”，可能丢失数据
     1>c:\users\administrator\desktop\模式识别作业\模式识别作业\模式识别作业view.cpp(533): warning C4244: “参数”: 从“double”转换到“int”，可能丢失数据
     1>c:\users\administrator\desktop\模式识别作业\模式识别作业\模式识别作业view.cpp(534): warning C4244: “参数”: 从“double”转换到“int”，可能丢失数据
     1>c:\users\administrator\desktop\模式识别作业\模式识别作业\模式识别作业view.cpp(560): warning C4244: “参数”: 从“double”转换到“int”，可能丢失数据
     1>c:\users\administrator\desktop\模式识别作业\模式识别作业\模式识别作业view.cpp(561): warning C4244: “参数”: 从“double”转换到“int”，可能丢失数据
     1>c:\users\administrator\desktop\模式识别作业\模式识别作业\模式识别作业view.cpp(562): warning C4244: “参数”: 从“double”转换到“int”，可能丢失数据
     1>c:\users\administrator\desktop\模式识别作业\模式识别作业\模式识别作业view.cpp(563): warning C4244: “参数”: 从“double”转换到“int”，可能丢失数据
     1>c:\users\administrator\desktop\模式识别作业\模式识别作业\模式识别作业view.cpp(571): warning C4244: “参数”: 从“double”转换到“int”，可能丢失数据
     1>c:\users\administrator\desktop\模式识别作业\模式识别作业\模式识别作业view.cpp(572): warning C4244: “参数”: 从“double”转换到“int”，可能丢失数据
     1>c:\users\administrator\desktop\模式识别作业\模式识别作业\模式识别作业view.cpp(573): warning C4244: “参数”: 从“double”转换到“int”，可能丢失数据
     1>c:\users\administrator\desktop\模式识别作业\模式识别作业\模式识别作业view.cpp(574): warning C4244: “参数”: 从“double”转换到“int”，可能丢失数据
     1>c:\users\administrator\desktop\模式识别作业\模式识别作业\模式识别作业view.cpp(600): warning C4244: “参数”: 从“double”转换到“int”，可能丢失数据
     1>c:\users\administrator\desktop\模式识别作业\模式识别作业\模式识别作业view.cpp(601): warning C4244: “参数”: 从“double”转换到“int”，可能丢失数据
     1>c:\users\administrator\desktop\模式识别作业\模式识别作业\模式识别作业view.cpp(602): warning C4244: “参数”: 从“double”转换到“int”，可能丢失数据
     1>c:\users\administrator\desktop\模式识别作业\模式识别作业\模式识别作业view.cpp(603): warning C4244: “参数”: 从“double”转换到“int”，可能丢失数据
     1>c:\users\administrator\desktop\模式识别作业\模式识别作业\模式识别作业view.cpp(611): warning C4244: “参数”: 从“double”转换到“int”，可能丢失数据
     1>c:\users\administrator\desktop\模式识别作业\模式识别作业\模式识别作业view.cpp(612): warning C4244: “参数”: 从“double”转换到“int”，可能丢失数据
     1>c:\users\administrator\desktop\模式识别作业\模式识别作业\模式识别作业view.cpp(613): warning C4244: “参数”: 从“double”转换到“int”，可能丢失数据
     1>c:\users\administrator\desktop\模式识别作业\模式识别作业\模式识别作业view.cpp(614): warning C4244: “参数”: 从“double”转换到“int”，可能丢失数据
     1>c:\users\administrator\desktop\模式识别作业\模式识别作业\模式识别作业view.cpp(819): warning C4018: “<”: 有符号/无符号不匹配
     1>c:\users\administrator\desktop\模式识别作业\模式识别作业\模式识别作业view.cpp(821): warning C4018: “<”: 有符号/无符号不匹配
     1>c:\users\administrator\desktop\模式识别作业\模式识别作业\模式识别作业view.cpp(839): warning C4018: “<”: 有符号/无符号不匹配
     1>c:\users\administrator\desktop\模式识别作业\模式识别作业\模式识别作业view.cpp(843): warning C4018: “<”: 有符号/无符号不匹配
     1>c:\users\administrator\desktop\模式识别作业\模式识别作业\模式识别作业view.cpp(854): warning C4018: “<”: 有符号/无符号不匹配
     1>c:\users\administrator\desktop\模式识别作业\模式识别作业\模式识别作业view.cpp(856): warning C4018: “<”: 有符号/无符号不匹配
     1>c:\users\administrator\desktop\模式识别作业\模式识别作业\模式识别作业view.cpp(869): warning C4018: “<”: 有符号/无符号不匹配
     1>c:\users\administrator\desktop\模式识别作业\模式识别作业\模式识别作业view.cpp(946): warning C4018: “<”: 有符号/无符号不匹配
     1>c:\users\administrator\desktop\模式识别作业\模式识别作业\模式识别作业view.cpp(948): warning C4018: “<”: 有符号/无符号不匹配
     1>c:\users\administrator\desktop\模式识别作业\模式识别作业\模式识别作业view.cpp(966): warning C4018: “<”: 有符号/无符号不匹配
     1>c:\users\administrator\desktop\模式识别作业\模式识别作业\模式识别作业view.cpp(970): warning C4018: “<”: 有符号/无符号不匹配
     1>c:\users\administrator\desktop\模式识别作业\模式识别作业\模式识别作业view.cpp(981): warning C4018: “<”: 有符号/无符号不匹配
     1>c:\users\administrator\desktop\模式识别作业\模式识别作业\模式识别作业view.cpp(983): warning C4018: “<”: 有符号/无符号不匹配
     1>c:\users\administrator\desktop\模式识别作业\模式识别作业\模式识别作业view.cpp(996): warning C4018: “<”: 有符号/无符号不匹配
     1>c:\users\administrator\desktop\模式识别作业\模式识别作业\模式识别作业view.cpp(1016): warning C4018: “<”: 有符号/无符号不匹配
     1>c:\users\administrator\desktop\模式识别作业\模式识别作业\模式识别作业view.cpp(1018): warning C4018: “<”: 有符号/无符号不匹配
     1>c:\users\administrator\desktop\模式识别作业\模式识别作业\模式识别作业view.cpp(1043): warning C4018: “<”: 有符号/无符号不匹配
     1>c:\users\administrator\desktop\模式识别作业\模式识别作业\模式识别作业view.cpp(1045): warning C4018: “<”: 有符号/无符号不匹配
     1>c:\users\administrator\desktop\模式识别作业\模式识别作业\模式识别作业view.cpp(1115): warning C4018: “<”: 有符号/无符号不匹配
     1>c:\users\administrator\desktop\模式识别作业\模式识别作业\模式识别作业view.cpp(1132): warning C4018: “<”: 有符号/无符号不匹配
     1>c:\users\administrator\desktop\模式识别作业\模式识别作业\模式识别作业view.cpp(1134): warning C4018: “<”: 有符号/无符号不匹配
     1>c:\users\administrator\desktop\模式识别作业\模式识别作业\模式识别作业view.cpp(1150): warning C4244: “参数”: 从“double”转换到“int”，可能丢失数据
     1>c:\users\administrator\desktop\模式识别作业\模式识别作业\模式识别作业view.cpp(1160): warning C4244: “参数”: 从“double”转换到“int”，可能丢失数据
       Link:
         D:\VS2013\VC\bin\link.exe /ERRORREPORT:PROMPT /OUT:"C:\Users\Administrator\Desktop\模式识别作业\Debug\模式识别作业.exe" /INCREMENTAL /NOLOGO /MANIFEST /MANIFESTUAC:"level='asInvoker' uiAccess='false'" /manifest:embed /manifestinput:D:\VS2013\VC\Include\Manifest\dpiaware.manifest /DEBUG /PDB:"C:\Users\Administrator\Desktop\模式识别作业\Debug\模式识别作业.pdb" /SUBSYSTEM:WINDOWS /TLBID:1 /ENTRY:"wWinMainCRTStartup" /DYNAMICBASE /NXCOMPAT /IMPLIB:"C:\Users\Administrator\Desktop\模式识别作业\Debug\模式识别作业.lib" /MACHINE:X86 "Debug\模式识别作业.res"
         Debug\ActivationFuntion.obj
         Debug\CreateS.obj
         Debug\MainFrm.obj
         Debug\NeuralLayer.obj
         Debug\Slider.obj
         Debug\stdafx.obj
         "Debug\模式识别作业.obj"
         "Debug\模式识别作业Doc.obj"
         "Debug\模式识别作业View.obj"
         模式识别作业.vcxproj -> C:\Users\Administrator\Desktop\模式识别作业\Debug\模式识别作业.exe
     1>已完成生成项目“C:\Users\Administrator\Desktop\模式识别作业\模式识别作业\模式识别作业.vcxproj”(Build 个目标)的操作。

生成成功。

已用时间 00:00:02.62
